INFO:root:Connected with server on: localhost:8000
INFO:root:lukasz answers sent
INFO:root:Answers sent
INFO:root:Received to check
INFO:root:Received to check
INFO:root:Sent after checking
INFO:root:Points received
INFO:root:Player's points received
INFO:root:Connection closed
INFO:root:Connected with server on: localhost:8000
INFO:root:Connected with server on: localhost:8000
INFO:root:lll answers sent
INFO:root:Answers sent
INFO:root:Received to check
INFO:root:sssssssssss answers sent
INFO:root:Answers sent
INFO:root:Received to check
INFO:root:Connected with server on: localhost:8000
INFO:root:Connected with server on: localhost:8000
INFO:root:Adrian answers sent
INFO:root:Answers sent
INFO:root:Ja answers sent
INFO:root:Answers sent
INFO:root:Connected with server on: localhost:8000
INFO:root:Connected with server on: localhost:8000
INFO:root:ja answers sent
INFO:root:Answers sent
INFO:root:Adrian answers sent
INFO:root:Answers sent
INFO:root:Connected with server on: localhost:8000
INFO:root:Connected with server on: localhost:8000
INFO:root:Connected with server on: localhost:8000
INFO:root:Connected with server on: localhost:8000
INFO:root:Adrian answers sent
INFO:root:Answers sent
INFO:root:Ja answers sent
INFO:root:Answers sent
INFO:root:Connected with server on: localhost:8000
INFO:root:Connected with server on: localhost:8000
INFO:root:dsad answers sent
INFO:root:Answers sent
INFO:root:Waiting for points
INFO:root:Connected with server on: localhost:8000
INFO:root:dsa answers sent
INFO:root:Answers sent
INFO:root:Received to check
INFO:root:Sent after checking
INFO:root:Points received
INFO:root:Player's points received
INFO:root:Connected with server on: localhost:8000
INFO:root:Adrian answers sent
INFO:root:Answers sent
INFO:root:Received to check
INFO:root:Received to check
INFO:root:Sent after checking
INFO:root:Points received
INFO:root:No score available!
INFO:root:Player's points received
INFO:root:Connected with server on: localhost:8000
INFO:root:Connected with server on: localhost:8000
INFO:root:Ja answers sent
INFO:root:Answers sent
INFO:root:Connected with server on: localhost:8000
INFO:root:Connected with server on: localhost:8000
INFO:root:Connected with server on: localhost:8000
INFO:root:Connected with server on: localhost:8000
INFO:root:Connected with server on: localhost:8000
INFO:root:Connected with server on: localhost:8000
INFO:root:Connected with server on: localhost:8000
INFO:root:Connected with server on: localhost:8000
INFO:root:Connected with server on: localhost:8000
INFO:root:Connected with server on: localhost:8000
INFO:root:Connected with server on: localhost:8000
INFO:root:Connected with server on: localhost:8000
INFO:root:Adrian answers sent
INFO:root:Answers sent
INFO:root:Adi answers sent
INFO:root:Answers sent
INFO:root:Connected with server on: localhost:8000
INFO:root:Connected with server on: localhost:8000
INFO:root:Lukasz answers sent
INFO:root:Answers sent
INFO:root:Adi answers sent
INFO:root:Answers sent
INFO:root:Received to check
INFO:root:Sent after checking
INFO:root:Points received
INFO:root:Player's points received
INFO:root:Connected with server on: localhost:8000
INFO:root:Connected with server on: localhost:8000
INFO:root:Luaksz answers sent
INFO:root:Answers sent
INFO:root:Received to check
INFO:root:Adi answers sent
INFO:root:Answers sent
INFO:root:Received to check
INFO:root:Received to check
INFO:root:Sent after checking
INFO:root:Points received
INFO:root:Player's points received
INFO:root:Connected with server on: localhost:8000
INFO:root:Connected with server on: localhost:8000
INFO:root:Nope answers sent
INFO:root:Answers sent
INFO:root:Received to check
INFO:root:Adi answers sent
INFO:root:Answers sent
INFO:root:Received to check
INFO:root:Received to check
INFO:root:Sent after checking
INFO:root:Points received
INFO:root:Player's points received
