INFO:root:Connected from('127.0.0.1', 58986)
INFO:root:Client 0 information sent     Connected with server
INFO:root:Client 0 information sent     0
INFO:root:Connected from('127.0.0.1', 37157)
INFO:root:Client 2 information sent     Connected with server
INFO:root:Client 2 information sent     2
INFO:root:Client 0 information received
INFO:root:Client 0 information sent     Zacznijmy zabawę
INFO:root:Client 0 information sent     d
INFO:root:Client 2 information received
INFO:root:Client 2 information sent     Zacznijmy zabawę
INFO:root:Client 2 information sent     d
INFO:root:Client 0 information received[pickle]
INFO:root:Client 2 information received[pickle]
INFO:root:Client 2 information sent     Sprawdzanie wyników
INFO:root:Client 0 information sent[pickle]
INFO:root:Client 0 information received[pickle]
INFO:root:Client 0 information sent[pickle]
INFO:root:Score was sent to clients
INFO:root:Client 0 information sent     z
INFO:root:Connected from('127.0.0.1', 49175)
INFO:root:Client 0 information sent     Connected with server
INFO:root:Client 0 information sent     0
INFO:root:Connected from('127.0.0.1', 51735)
INFO:root:Client 3 information sent     Connected with server
INFO:root:Client 3 information sent     3
INFO:root:Client 3 information received
INFO:root:Client 3 information sent     Zacznijmy zabawę
INFO:root:Client 0 information received
INFO:root:Client 0 information sent     Zacznijmy zabawę
INFO:root:Client 0 information sent     j
INFO:root:Client 3 information sent     j
INFO:root:Client 0 information received[pickle]
INFO:root:Client 3 information received[pickle]
INFO:root:Client 3 information sent     Sprawdzanie wyników
INFO:root:Client 0 information sent[pickle]
INFO:root:Client 0 information received[pickle]
INFO:root:Client 0 information sent[pickle]
INFO:root:Score was sent to clients
INFO:root:Client 0 information sent     k
INFO:root:Client 3 information sent[pickle]
INFO:root:Score was sent to clients
INFO:root:Client 3 information sent     k
INFO:root:Client 3 information received[pickle]
INFO:root:Client 0 information received[pickle]
INFO:root:Client 0 information sent[pickle]
INFO:root:Client 3 information sent     Sprawdzanie wyników
INFO:root:Client 0 information received[pickle]
INFO:root:Client 0 information sent[pickle]
INFO:root:Score was sent to clients
INFO:root:Client 0 information sent     d
INFO:root:Client 3 information sent[pickle]
INFO:root:Score was sent to clients
INFO:root:Client 3 information sent     d
INFO:root:Client 3 information received[pickle]
INFO:root:Client 0 information received[pickle]
INFO:root:Client 0 information sent[pickle]
INFO:root:Client 3 information sent     Sprawdzanie wyników
INFO:root:Client 0 information received[pickle]
INFO:root:Client 0 information sent[pickle]
INFO:root:Score was sent to clients
INFO:root:Client 0 information sent     r
INFO:root:Client 3 information sent[pickle]
INFO:root:Score was sent to clients
INFO:root:Client 3 information sent     r
INFO:root:Client 0 information received[pickle]
INFO:root:Client 3 information received[pickle]
INFO:root:Client 3 information sent     Sprawdzanie wyników
INFO:root:Client 0 information sent[pickle]
INFO:root:Client 0 information received[pickle]
INFO:root:Client 0 information sent[pickle]
INFO:root:Score was sent to clients
INFO:root:Client 0 information sent     h
INFO:root:Client 3 information sent[pickle]
INFO:root:Score was sent to clients
INFO:root:Client 3 information sent     h
INFO:root:Client 0 information received[pickle]
INFO:root:Client 3 information received[pickle]
INFO:root:Client 3 information sent     Sprawdzanie wyników
INFO:root:Client 0 information sent[pickle]
INFO:root:Client 0 information received[pickle]
INFO:root:Client 0 information sent[pickle]
INFO:root:Score was sent to clients
INFO:root:Client 0 information sent     j
INFO:root:Client 3 information sent[pickle]
INFO:root:Score was sent to clients
INFO:root:Client 3 information sent     j
INFO:root:Client 3 information received[pickle]
INFO:root:Client 0 information received[pickle]
INFO:root:Client 3 information sent     Sprawdzanie wyników
INFO:root:Client 0 information sent[pickle]
INFO:root:Client 0 information received[pickle]
INFO:root:Client 0 information sent[pickle]
INFO:root:Score was sent to clients
INFO:root:Client 0 information sent     c
INFO:root:Client 3 information sent[pickle]
INFO:root:Score was sent to clients
INFO:root:Client 3 information sent     c
INFO:root:Client 3 information received[pickle]
INFO:root:Client 0 information received[pickle]
INFO:root:Client 0 information sent[pickle]
INFO:root:Client 3 information sent     Sprawdzanie wyników
INFO:root:Client 0 information received[pickle]
INFO:root:Client 0 information sent[pickle]
INFO:root:Score was sent to clients
INFO:root:Client 0 information sent     f
INFO:root:Client 3 information sent[pickle]
INFO:root:Score was sent to clients
INFO:root:Client 3 information sent     f
INFO:root:Client 3 information received[pickle]
INFO:root:Client 0 information received[pickle]
INFO:root:Client 0 information sent[pickle]
INFO:root:Client 3 information sent     Sprawdzanie wyników
INFO:root:Client 0 information received[pickle]
INFO:root:Client 0 information sent[pickle]
INFO:root:Score was sent to clients
INFO:root:Client 0 information sent     h
INFO:root:Client 3 information sent[pickle]
INFO:root:Score was sent to clients
INFO:root:Client 3 information sent     h
